[LicensingClient] ERROR Failed to connect to local IPC
[Licensing::Module] Failed to connect to channel: LicenseClient-redtachyon
Launching external process: /Applications/Unity/Hub/Editor/2019.4.11f1/Unity.app/Contents/Frameworks/UnityLicensingClient.app/Contents/Resources/Unity.Licensing.Client
[Licensing::Module] Successfully launched the LicensingClient
[Licensing::Module] Successfully connected to LicensingClient on channel: LicenseClient-redtachyon
[Licensing::Module] Successfully launched and connected to LicensingClient
Entitlement-based licensing initiated
[LicensingClient] Licenses Updated successfully in LicensingClient

LICENSE SYSTEM [2020127 0:34:55] Next license update check is after 2020-09-12T11:54:38


LICENSE SYSTEM [2020127 0:34:55] Current license is already valid and activated. Skipping license activation process (Provided username/password will be ignored).
[Licensing::Module] Serial number assigned to: "F4-N664-7949-62FA-TRWF-XXXX"\n[Package Manager] Server::Start -- Port 58214 was selected
Launching external process: /Applications/Unity/Hub/Editor/2019.4.11f1/Unity.app/Contents/Resources/PackageManager/Server/UnityPackageManager

 COMMAND LINE ARGUMENTS:
/Applications/Unity/Hub/Editor/2019.4.11f1/Unity.app/Contents/MacOS/Unity
-quit
-batchmode
-logfile
stdout.log
-projectPath.
-executeMethod
MacOSBuilder.build
/Users/redtachyon/projects/CrowdAI
Using Asset Import Pipeline V2.
DisplayProgressbar: Unity Package Manager
Adding genesis user token [Package Manager] Done resolving packages in 0.70s seconds
[Package Manager] Done checking package constraints in 0.00s seconds
[Package Manager] 
Registered 44 packages:
  Packages from [https://packages.unity.com]:
    com.unity.collab-proxy@1.2.16 (location: /Users/redtachyon/projects/CrowdAI/Library/PackageCache/com.unity.collab-proxy@1.2.16)
    com.unity.ide.rider@1.1.4 (location: /Users/redtachyon/projects/CrowdAI/Library/PackageCache/com.unity.ide.rider@1.1.4)
    com.unity.ide.vscode@1.2.2 (location: /Users/redtachyon/projects/CrowdAI/Library/PackageCache/com.unity.ide.vscode@1.2.2)
    com.unity.ml-agents@1.0.5 (location: /Users/redtachyon/projects/CrowdAI/Library/PackageCache/com.unity.ml-agents@1.0.5)
    com.unity.test-framework@1.1.18 (location: /Users/redtachyon/projects/CrowdAI/Library/PackageCache/com.unity.test-framework@1.1.18)
    com.unity.textmeshpro@2.1.1 (location: /Users/redtachyon/projects/CrowdAI/Library/PackageCache/com.unity.textmeshpro@2.1.1)
    com.unity.timeline@1.2.16 (location: /Users/redtachyon/projects/CrowdAI/Library/PackageCache/com.unity.timeline@1.2.16)
    com.unity.ext.nunit@1.0.0 (location: /Users/redtachyon/projects/CrowdAI/Library/PackageCache/com.unity.ext.nunit@1.0.0)
    com.unity.barracuda@1.0.3 (location: /Users/redtachyon/projects/CrowdAI/Library/PackageCache/com.unity.barracuda@1.0.3)
    com.unity.burst@1.3.4 (location: /Users/redtachyon/projects/CrowdAI/Library/PackageCache/com.unity.burst@1.3.4)
    com.unity.mathematics@1.2.1 (location: /Users/redtachyon/projects/CrowdAI/Library/PackageCache/com.unity.mathematics@1.2.1)
  Built-in packages:
    com.unity.ugui@1.0.0 (location: /Applications/Unity/Hub/Editor/2019.4.11f1/Unity.app/Contents/Resources/PackageManager/BuiltInPackages/com.unity.ugui)
    com.unity.modules.ai@1.0.0 (location: /Applications/Unity/Hub/Editor/2019.4.11f1/Unity.app/Contents/Resources/PackageManager/BuiltInPackages/com.unity.modules.ai)
    com.unity.modules.androidjni@1.0.0 (location: /Applications/Unity/Hub/Editor/2019.4.11f1/Unity.app/Contents/Resources/PackageManager/BuiltInPackages/com.unity.modules.androidjni)
    com.unity.modules.animation@1.0.0 (location: /Applications/Unity/Hub/Editor/2019.4.11f1/Unity.app/Contents/Resources/PackageManager/BuiltInPackages/com.unity.modules.animation)
    com.unity.modules.assetbundle@1.0.0 (location: /Applications/Unity/Hub/Editor/2019.4.11f1/Unity.app/Contents/Resources/PackageManager/BuiltInPackages/com.unity.modules.assetbundle)
    com.unity.modules.audio@1.0.0 (location: /Applications/Unity/Hub/Editor/2019.4.11f1/Unity.app/Contents/Resources/PackageManager/BuiltInPackages/com.unity.modules.audio)
    com.unity.modules.cloth@1.0.0 (location: /Applications/Unity/Hub/Editor/2019.4.11f1/Unity.app/Contents/Resources/PackageManager/BuiltInPackages/com.unity.modules.cloth)
    com.unity.modules.director@1.0.0 (location: /Applications/Unity/Hub/Editor/2019.4.11f1/Unity.app/Contents/Resources/PackageManager/BuiltInPackages/com.unity.modules.director)
    com.unity.modules.imageconversion@1.0.0 (location: /Applications/Unity/Hub/Editor/2019.4.11f1/Unity.app/Contents/Resources/PackageManager/BuiltInPackages/com.unity.modules.imageconversion)
    com.unity.modules.imgui@1.0.0 (location: /Applications/Unity/Hub/Editor/2019.4.11f1/Unity.app/Contents/Resources/PackageManager/BuiltInPackages/com.unity.modules.imgui)
    com.unity.modules.jsonserialize@1.0.0 (location: /Applications/Unity/Hub/Editor/2019.4.11f1/Unity.app/Contents/Resources/PackageManager/BuiltInPackages/com.unity.modules.jsonserialize)
    com.unity.modules.particlesystem@1.0.0 (location: /Applications/Unity/Hub/Editor/2019.4.11f1/Unity.app/Contents/Resources/PackageManager/BuiltInPackages/com.unity.modules.particlesystem)
    com.unity.modules.physics@1.0.0 (location: /Applications/Unity/Hub/Editor/2019.4.11f1/Unity.app/Contents/Resources/PackageManager/BuiltInPackages/com.unity.modules.physics)
    com.unity.modules.physics2d@1.0.0 (location: /Applications/Unity/Hub/Editor/2019.4.11f1/Unity.app/Contents/Resources/PackageManager/BuiltInPackages/com.unity.modules.physics2d)
    com.unity.modules.screencapture@1.0.0 (location: /Applications/Unity/Hub/Editor/2019.4.11f1/Unity.app/Contents/Resources/PackageManager/BuiltInPackages/com.unity.modules.screencapture)
    com.unity.modules.terrain@1.0.0 (location: /Applications/Unity/Hub/Editor/2019.4.11f1/Unity.app/Contents/Resources/PackageManager/BuiltInPackages/com.unity.modules.terrain)
    com.unity.modules.terrainphysics@1.0.0 (location: /Applications/Unity/Hub/Editor/2019.4.11f1/Unity.app/Contents/Resources/PackageManager/BuiltInPackages/com.unity.modules.terrainphysics)
    com.unity.modules.tilemap@1.0.0 (location: /Applications/Unity/Hub/Editor/2019.4.11f1/Unity.app/Contents/Resources/PackageManager/BuiltInPackages/com.unity.modules.tilemap)
    com.unity.modules.ui@1.0.0 (location: /Applications/Unity/Hub/Editor/2019.4.11f1/Unity.app/Contents/Resources/PackageManager/BuiltInPackages/com.unity.modules.ui)
    com.unity.modules.uielements@1.0.0 (location: /Applications/Unity/Hub/Editor/2019.4.11f1/Unity.app/Contents/Resources/PackageManager/BuiltInPackages/com.unity.modules.uielements)
    com.unity.modules.umbra@1.0.0 (location: /Applications/Unity/Hub/Editor/2019.4.11f1/Unity.app/Contents/Resources/PackageManager/BuiltInPackages/com.unity.modules.umbra)
    com.unity.modules.unityanalytics@1.0.0 (location: /Applications/Unity/Hub/Editor/2019.4.11f1/Unity.app/Contents/Resources/PackageManager/BuiltInPackages/com.unity.modules.unityanalytics)
    com.unity.modules.unitywebrequest@1.0.0 (location: /Applications/Unity/Hub/Editor/2019.4.11f1/Unity.app/Contents/Resources/PackageManager/BuiltInPackages/com.unity.modules.unitywebrequest)
    com.unity.modules.unitywebrequestassetbundle@1.0.0 (location: /Applications/Unity/Hub/Editor/2019.4.11f1/Unity.app/Contents/Resources/PackageManager/BuiltInPackages/com.unity.modules.unitywebrequestassetbundle)
    com.unity.modules.unitywebrequestaudio@1.0.0 (location: /Applications/Unity/Hub/Editor/2019.4.11f1/Unity.app/Contents/Resources/PackageManager/BuiltInPackages/com.unity.modules.unitywebrequestaudio)
    com.unity.modules.unitywebrequesttexture@1.0.0 (location: /Applications/Unity/Hub/Editor/2019.4.11f1/Unity.app/Contents/Resources/PackageManager/BuiltInPackages/com.unity.modules.unitywebrequesttexture)
    com.unity.modules.unitywebrequestwww@1.0.0 (location: /Applications/Unity/Hub/Editor/2019.4.11f1/Unity.app/Contents/Resources/PackageManager/BuiltInPackages/com.unity.modules.unitywebrequestwww)
    com.unity.modules.vehicles@1.0.0 (location: /Applications/Unity/Hub/Editor/2019.4.11f1/Unity.app/Contents/Resources/PackageManager/BuiltInPackages/com.unity.modules.vehicles)
    com.unity.modules.video@1.0.0 (location: /Applications/Unity/Hub/Editor/2019.4.11f1/Unity.app/Contents/Resources/PackageManager/BuiltInPackages/com.unity.modules.video)
    com.unity.modules.vr@1.0.0 (location: /Applications/Unity/Hub/Editor/2019.4.11f1/Unity.app/Contents/Resources/PackageManager/BuiltInPackages/com.unity.modules.vr)
    com.unity.modules.wind@1.0.0 (location: /Applications/Unity/Hub/Editor/2019.4.11f1/Unity.app/Contents/Resources/PackageManager/BuiltInPackages/com.unity.modules.wind)
    com.unity.modules.xr@1.0.0 (location: /Applications/Unity/Hub/Editor/2019.4.11f1/Unity.app/Contents/Resources/PackageManager/BuiltInPackages/com.unity.modules.xr)
    com.unity.modules.subsystems@1.0.0 (location: /Applications/Unity/Hub/Editor/2019.4.11f1/Unity.app/Contents/Resources/PackageManager/BuiltInPackages/com.unity.modules.subsystems)

[Subsystems] No new subsystems found in resolved package list.
[Package Manager] Done registering packages in 0.10s seconds
Refreshing native plugins compatible for Editor in 46.00 ms, found 1 plugins.
Preloading 0 native plugins for Editor in 0.00 ms.
Initialize engine version: 2019.4.11f1 (2d9804dddde7)
[Subsystems] Discovering subsystems at path /Applications/Unity/Hub/Editor/2019.4.11f1/Unity.app/Contents/Resources/UnitySubsystems
[Subsystems] Discovering subsystems at path /Users/redtachyon/projects/CrowdAI/Assets
GfxDevice: creating device client; threaded=0
2020-12-07 00:34:58.507 Unity[57925:2929305] Color LCD preferred device: Intel(R) UHD Graphics 630 (low power)
2020-12-07 00:34:58.507 Unity[57925:2929305] Metal devices available: 2
2020-12-07 00:34:58.507 Unity[57925:2929305] 0: AMD Radeon Pro 5500M (high power)
2020-12-07 00:34:58.507 Unity[57925:2929305] 1: Intel(R) UHD Graphics 630 (low power)
2020-12-07 00:34:58.508 Unity[57925:2929305] Using device AMD Radeon Pro 5500M (high power)
Initializing Metal device caps: AMD Radeon Pro 5500M
Initialize mono
Mono path[0] = '/Applications/Unity/Hub/Editor/2019.4.11f1/Unity.app/Contents/Managed'
Mono path[1] = '/Applications/Unity/Hub/Editor/2019.4.11f1/Unity.app/Contents/MonoBleedingEdge/lib/mono/unityjit'
Mono config path = '/Applications/Unity/Hub/Editor/2019.4.11f1/Unity.app/Contents/MonoBleedingEdge/etc'
Using monoOptions --debugger-agent=transport=dt_socket,embedding=1,server=y,suspend=n,address=127.0.0.1:56925
ImportWorker Server TCP listen port: 58893
Begin MonoManager ReloadAssembly
Registering precompiled unity dll's ...
Register platform support module: /Applications/Unity/Hub/Editor/2019.4.11f1/Unity.app/Contents/PlaybackEngines/MacStandaloneSupport/UnityEditor.OSXStandalone.Extensions.dll
Registered in 0.002029 seconds.
Native extension for OSXStandalone target not found
Refreshing native plugins compatible for Editor in 28.03 ms, found 1 plugins.
Preloading 0 native plugins for Editor in 0.00 ms.
Mono: successfully reloaded assembly
- Completed reload, in  3.690 seconds
Registering precompiled user dll's ...
Registered in 0.050750 seconds.
Platform modules already initialized, skipping
Validating Project structure ... 0.000571 seconds.
Shader import version has changed; will reimport all shaders...
Upgrading shader files ...0.000753 seconds.
Start importing Packages/com.unity.ugui/Tests/Runtime/MaskClipping/RectMask2DClipping.cs using Guid(529fde071171dfd4e99d45ca81a3ac7b) Importer(-1,00000000000000000000000000000000)
Done importing asset: 'Packages/com.unity.ugui/Tests/Runtime/MaskClipping/RectMask2DClipping.cs' (target hash: '14b99bcd3c74e0dd21d79119d8da9d25') in 0.049401 seconds
Start importing Packages/com.unity.ugui/Runtime/UI/Core/RectMask2D.cs using Guid(3312d7739989d2b4e91e6319e9a96d76) Importer(-1,00000000000000000000000000000000)
Done importing asset: 'Packages/com.unity.ugui/Runtime/UI/Core/RectMask2D.cs' (target hash: '2987d4a1f02aa5c02828a3ac09864cab') in 0.012239 seconds
Start importing Packages/com.unity.ugui/Tests/Runtime/EventSystem/InputModuleTests.cs using Guid(e4e290d31ab7fb54880746bb8f818e0d) Importer(-1,00000000000000000000000000000000)
Done importing asset: 'Packages/com.unity.ugui/Tests/Runtime/EventSystem/InputModuleTests.cs' (target hash: 'ff042500779c3303a83961acb86d575b') in 0.003927 seconds
Start importing Packages/com.unity.ugui/Runtime/UI/Core/Culling/IClipRegion.cs using Guid(371b6b9c8adc50745ace66a6fdf67481) Importer(-1,00000000000000000000000000000000)
Done importing asset: 'Packages/com.unity.ugui/Runtime/UI/Core/Culling/IClipRegion.cs' (target hash: '54f47885bfd30aba3a2edfc4286f9f7d') in 0.002684 seconds
Start importing Packages/com.unity.ugui/Runtime/UI/Core/Culling/Clipping.cs using Guid(67e3583b91179094094c6a188b232262) Importer(-1,00000000000000000000000000000000)
Done importing asset: 'Packages/com.unity.ugui/Runtime/UI/Core/Culling/Clipping.cs' (target hash: '07911b4977d55cd5e45003ab455b272e') in 0.003478 seconds
Start importing Packages/com.unity.ugui/Runtime/UI/Core/MaskableGraphic.cs using Guid(976acc75bfafe594cb01142ba21947be) Importer(-1,00000000000000000000000000000000)
Done importing asset: 'Packages/com.unity.ugui/Runtime/UI/Core/MaskableGraphic.cs' (target hash: 'd75a1364a7d3315a72eaaa4503eb109b') in 0.010531 seconds
Start importing Packages/com.unity.ugui/Editor/UI/RectMask2DEditor.cs using Guid(58e7d991249847640b1534192721c5ea) Importer(-1,00000000000000000000000000000000)
Done importing asset: 'Packages/com.unity.ugui/Editor/UI/RectMask2DEditor.cs' (target hash: 'a5b4fd811ffac6cea0ac9de13b2f5442') in 0.001786 seconds
Start importing Packages/com.unity.ugui/Tests/Runtime/Util/ImageHook.cs using Guid(5da88f348abcbd94585671a69c672781) Importer(-1,00000000000000000000000000000000)
Done importing asset: 'Packages/com.unity.ugui/Tests/Runtime/Util/ImageHook.cs' (target hash: '259c84db466bc3cd353f307c5d0be08c') in 0.002417 seconds
Begin MonoManager ReloadAssembly
Symbol file LoadedFromMemory doesn't match image /Users/redtachyon/projects/CrowdAI/Library/PackageCache/com.unity.ext.nunit@1.0.0/net35/unity-custom/nunit.framework.dll
Native extension for OSXStandalone target not found
Refreshing native plugins compatible for Editor in 0.29 ms, found 1 plugins.
Preloading 0 native plugins for Editor in 0.00 ms.
Mono: successfully reloaded assembly
- Completed reload, in  0.647 seconds
Platform modules already initialized, skipping
- Starting script compilation
- Starting compile Library/ScriptAssemblies/UnityEngine.TestRunner.dll
- Starting compile Library/ScriptAssemblies/UnityEngine.UI.dll
- Finished compile Library/ScriptAssemblies/UnityEngine.TestRunner.dll in 4.372465 seconds
- Starting compile Library/ScriptAssemblies/UnityEditor.TestRunner.dll
- Finished compile Library/ScriptAssemblies/UnityEngine.UI.dll in 4.420705 seconds
- Finished compile Library/ScriptAssemblies/UnityEditor.TestRunner.dll in 0.446481 seconds
- Starting compile Library/ScriptAssemblies/UnityEditor.UI.dll
- Finished compile Library/ScriptAssemblies/UnityEditor.UI.dll in 0.299988 seconds
- Starting compile Library/ScriptAssemblies/Unity.TextMeshPro.dll
- Starting compile Library/ScriptAssemblies/Unity.Timeline.dll
- Starting compile Library/ScriptAssemblies/Unity.Mathematics.dll
- Starting compile Library/ScriptAssemblies/Unity.Burst.dll
- Starting compile Library/ScriptAssemblies/Unity.ML-Agents.CommunicatorObjects.dll
- Starting compile Library/ScriptAssemblies/Unity.Rider.Editor.dll
- Starting compile Library/ScriptAssemblies/Unity.CollabProxy.Editor.dll
- Starting compile Library/ScriptAssemblies/Unity.VSCode.Editor.dll
- Finished compile Library/ScriptAssemblies/Unity.CollabProxy.Editor.dll in 0.811187 seconds
- Finished compile Library/ScriptAssemblies/Unity.ML-Agents.CommunicatorObjects.dll in 0.869483 seconds
- Finished compile Library/ScriptAssemblies/Unity.Timeline.dll in 0.940667 seconds
- Finished compile Library/ScriptAssemblies/Unity.VSCode.Editor.dll in 0.889332 seconds
- Starting compile Library/ScriptAssemblies/Unity.Timeline.Editor.dll
- Finished compile Library/ScriptAssemblies/Unity.Rider.Editor.dll in 0.944552 seconds
- Finished compile Library/ScriptAssemblies/Unity.Burst.dll in 1.088399 seconds
- Starting compile Library/ScriptAssemblies/Unity.Barracuda.dll
- Starting compile Library/ScriptAssemblies/Unity.Burst.Editor.dll
- Finished compile Library/ScriptAssemblies/Unity.TextMeshPro.dll in 1.24291 seconds
- Starting compile Library/ScriptAssemblies/Unity.TextMeshPro.Editor.dll
- Finished compile Library/ScriptAssemblies/Unity.Burst.Editor.dll in 0.848867 seconds
- Finished compile Library/ScriptAssemblies/Unity.TextMeshPro.Editor.dll in 0.816204 seconds
- Finished compile Library/ScriptAssemblies/Unity.Barracuda.dll in 0.961817 seconds
- Starting compile Library/ScriptAssemblies/Unity.ML-Agents.dll
- Starting compile Library/ScriptAssemblies/Unity.Barracuda.MacBLAS.dll
- Starting compile Library/ScriptAssemblies/Unity.Barracuda.BurstBLAS.dll
- Starting compile Library/ScriptAssemblies/Unity.Barracuda.iOSBLAS.dll
- Starting compile Library/ScriptAssemblies/Unity.Barracuda.Editor.dll
- Finished compile Library/ScriptAssemblies/Unity.Timeline.Editor.dll in 1.248793 seconds
- Finished compile Library/ScriptAssemblies/Unity.Barracuda.BurstBLAS.dll in 0.351969 seconds
- Finished compile Library/ScriptAssemblies/Unity.Barracuda.MacBLAS.dll in 0.364896 seconds
- Finished compile Library/ScriptAssemblies/Unity.ML-Agents.dll in 0.40416 seconds
- Starting compile Library/ScriptAssemblies/Unity.ML-Agents.Editor.dll
- Finished compile Library/ScriptAssemblies/Unity.Barracuda.iOSBLAS.dll in 0.452904 seconds
- Finished compile Library/ScriptAssemblies/Unity.Barracuda.Editor.dll in 0.447455 seconds
- Finished compile Library/ScriptAssemblies/Unity.Mathematics.dll in 2.612662 seconds
- Starting compile Library/ScriptAssemblies/Unity.Mathematics.Editor.dll
- Finished compile Library/ScriptAssemblies/Unity.ML-Agents.Editor.dll in 0.287905 seconds
- Finished compile Library/ScriptAssemblies/Unity.Mathematics.Editor.dll in 0.283456 seconds
- Finished script compilation in 8.092532 seconds
Begin MonoManager ReloadAssembly
Symbol file LoadedFromMemory doesn't match image /Users/redtachyon/projects/CrowdAI/Library/PackageCache/com.unity.ext.nunit@1.0.0/net35/unity-custom/nunit.framework.dll
Native extension for OSXStandalone target not found
Refreshing native plugins compatible for Editor in 23.51 ms, found 1 plugins.
Preloading 0 native plugins for Editor in 0.00 ms.
Mono: successfully reloaded assembly
- Completed reload, in  1.904 seconds
Platform modules already initialized, skipping
AssetDatabase: script compilation time: 10.245547s
- Starting script compilation
- Starting compile Library/ScriptAssemblies/Assembly-CSharp.dll
- Finished compile Library/ScriptAssemblies/Assembly-CSharp.dll in 0.280043 seconds
- Starting compile Library/ScriptAssemblies/Assembly-CSharp-Editor.dll
- Finished compile Library/ScriptAssemblies/Assembly-CSharp-Editor.dll in 0.368185 seconds
- Finished script compilation in 0.678908 seconds
Reloading assemblies after forced synchronous recompile.
Begin MonoManager ReloadAssembly
Symbol file LoadedFromMemory doesn't match image /Users/redtachyon/projects/CrowdAI/Library/PackageCache/com.unity.ext.nunit@1.0.0/net35/unity-custom/nunit.framework.dll
Native extension for OSXStandalone target not found
Refreshing native plugins compatible for Editor in 0.33 ms, found 1 plugins.
Preloading 0 native plugins for Editor in 0.00 ms.
Mono: successfully reloaded assembly
- Completed reload, in  0.930 seconds
Platform modules already initialized, skipping
Loading style catalogs (6)
	StyleSheets/Extensions/base/common.uss
	StyleSheets/Northstar/common.uss
	StyleSheets/Extensions/fonts/inter.uss
	StyleSheets/Extensions/base/dark.uss
	Packages/com.unity.timeline/Editor/StyleSheets/Extensions/common.uss
	Packages/com.unity.timeline/Editor/StyleSheets/Extensions/dark.uss
Refreshing native plugins compatible for Editor in 0.40 ms, found 1 plugins.
Preloading 0 native plugins for Editor in 0.00 ms.
RefreshInfo: InitialScriptRefreshV2(NoUpdateAssetOptions)
RefreshProfiler: Total: 14207.811ms
	InvokeBeforeRefreshCallbacks: 0.510ms
	ApplyChangesToAssetFolders: 0.053ms
	WriteModifiedImportersToTextMetaFiles: 0.000ms
	CleanLegacyArtifacts: 0.000ms
	Scan: 49.968ms
	OnSourceAssetsModified: 1.274ms
	UnregisterDeletedAssets: 0.001ms
	InitializeImportedAssetsSnapshot: 0.520ms
	GetAllGuidsForCategorization: 0.130ms
	CategorizeAssets: 37.324ms
	ImportAndPostprocessOutOfDateAssets: 14090.444ms (2603.987ms without children)
		ImportManagerImport: 88.152ms (0.441ms without children)
			ImportInProcess: 87.673ms
			ImportOutOfProcess: 0.000ms
			UpdateCategorizedAssets: 0.038ms
			RemoteAssetCacheGetArtifact: 0.000ms (0.000ms without children)
				RemoteAssetCacheResolve: 0.000ms
				RemoteAssetCacheDownloadFile: 0.000ms
		CompileScripts: 10962.660ms
		PostProcessAllAssets: 427.255ms
		ReloadImportedAssets: 0.002ms
		VerifyAssetsAreUpToDateAndCorrect: 0.000ms
		EnsureUptoDateAssetsAreRegisteredWithGuidPM: 0.153ms
		InitializingProgressBar: 0.001ms
		PostProcessAllAssetNotificationsAddChangedAssets: 0.191ms
		OnDemandSchedulerStart: 0.000ms
		RestoreLoadedAssetsState: 0.482ms
	InvokeProjectHasChanged: 0.000ms
	UpdateImportedAssetsSnapshot: 7.560ms
	ReloadSourceAssets: 1.067ms
	UnloadImportedAssets: 0.324ms
	Hotreload: 12.087ms
	FixTempGuids: 0.005ms
	VerifyGuidPMRegistrations: 0.000ms
	GatherAllCurrentPrimaryArtifactRevisions: 0.013ms
	UnloadStreamsBegin: 0.252ms
	LoadedImportedAssetsSnapshotReleaseGCHandles: 0.837ms
	GetLoadedSourceAssetsSnapshot: 0.975ms
	PersistCurrentRevisions: 0.000ms
	UnloadStreamsEnd: 10.156ms
	GenerateScriptTypeHashes: 0.094ms
Start importing /Applications/Unity/Hub/Editor/2019.4.11f1/Unity.app/Contents/UnityExtensions/Unity/UnityVR/Editor/UnityEditor.VR.dll using Guid(4ba2329b63d54f0187bcaa12486b1b0f) Importer(-1,00000000000000000000000000000000)
Done importing asset: '/Applications/Unity/Hub/Editor/2019.4.11f1/Unity.app/Contents/UnityExtensions/Unity/UnityVR/Editor/UnityEditor.VR.dll' (target hash: '82da7448f2e85825e803325cfd28dd20') in 0.044454 seconds
Filename: /Applications/Unity/Hub/Editor/2019.4.11f1/Unity.app/Contents/MonoBleedingEdge/bin/mono
Arguments: "/Applications/Unity/Hub/Editor/2019.4.11f1/Unity.app/Contents/Tools/ScriptUpdater/AssemblyUpdater.exe" checkupdaterconfigs -a "/Applications/Unity/Hub/Editor/2019.4.11f1/Unity.app/Contents/UnityExtensions/Unity/UnityVR/Editor/UnityEditor.VR.dll" --timestamp 637428981173931380  -s "/Applications/Unity/Hub/Editor/2019.4.11f1/Unity.app/Contents/Managed,+/Applications/Unity/Hub/Editor/2019.4.11f1/Unity.app/Contents/UnityExtensions/Unity,+/Users/redtachyon/projects/CrowdAI/Assets"
[API Updater] Processing imported assemblies took 780 ms (0/1 assemblie(s)).
Assembly Updater Post Process Assets time: 0.783331s
AssetDatabase: script compilation time: 0.023405s
- Starting script compilation
- Starting compile Library/ScriptAssemblies/UnityEngine.TestRunner.dll
- Starting compile Library/ScriptAssemblies/UnityEngine.UI.dll
- Finished compile Library/ScriptAssemblies/UnityEngine.TestRunner.dll in 0.430316 seconds
- Finished compile Library/ScriptAssemblies/UnityEngine.UI.dll in 0.425839 seconds
- Starting compile Library/ScriptAssemblies/UnityEditor.TestRunner.dll
- Finished compile Library/ScriptAssemblies/UnityEditor.TestRunner.dll in 0.428223 seconds
- Starting compile Library/ScriptAssemblies/UnityEditor.UI.dll
- Finished compile Library/ScriptAssemblies/UnityEditor.UI.dll in 0.431363 seconds
- Starting compile Library/ScriptAssemblies/Unity.TextMeshPro.dll
- Starting compile Library/ScriptAssemblies/Unity.Timeline.dll
- Starting compile Library/ScriptAssemblies/Unity.Mathematics.dll
- Starting compile Library/ScriptAssemblies/Unity.Burst.dll
- Starting compile Library/ScriptAssemblies/Unity.ML-Agents.CommunicatorObjects.dll
- Starting compile Library/ScriptAssemblies/Unity.Rider.Editor.dll
- Starting compile Library/ScriptAssemblies/Unity.CollabProxy.Editor.dll
- Starting compile Library/ScriptAssemblies/Unity.VSCode.Editor.dll
- Finished compile Library/ScriptAssemblies/Unity.Timeline.dll in 0.858364 seconds
- Finished compile Library/ScriptAssemblies/Unity.ML-Agents.CommunicatorObjects.dll in 0.820687 seconds
- Finished compile Library/ScriptAssemblies/Unity.CollabProxy.Editor.dll in 0.80314 seconds
- Starting compile Library/ScriptAssemblies/Unity.Timeline.Editor.dll
- Finished compile Library/ScriptAssemblies/Unity.Burst.dll in 0.906734 seconds
- Finished compile Library/ScriptAssemblies/Unity.Rider.Editor.dll in 0.898018 seconds
- Finished compile Library/ScriptAssemblies/Unity.VSCode.Editor.dll in 0.870102 seconds
- Starting compile Library/ScriptAssemblies/Unity.Barracuda.dll
- Starting compile Library/ScriptAssemblies/Unity.Burst.Editor.dll
- Finished compile Library/ScriptAssemblies/Unity.TextMeshPro.dll in 1.24954 seconds
- Starting compile Library/ScriptAssemblies/Unity.TextMeshPro.Editor.dll
- Finished compile Library/ScriptAssemblies/Unity.Burst.Editor.dll in 0.867285 seconds
- Finished compile Library/ScriptAssemblies/Unity.Timeline.Editor.dll in 1.045043 seconds
- Finished compile Library/ScriptAssemblies/Unity.Barracuda.dll in 0.934432 seconds
- Starting compile Library/ScriptAssemblies/Unity.ML-Agents.dll
- Starting compile Library/ScriptAssemblies/Unity.Barracuda.MacBLAS.dll
- Starting compile Library/ScriptAssemblies/Unity.Barracuda.BurstBLAS.dll
- Starting compile Library/ScriptAssemblies/Unity.Barracuda.iOSBLAS.dll
- Starting compile Library/ScriptAssemblies/Unity.Barracuda.Editor.dll
- Finished compile Library/ScriptAssemblies/Unity.TextMeshPro.Editor.dll in 0.853928 seconds
- Finished compile Library/ScriptAssemblies/Unity.Barracuda.MacBLAS.dll in 0.347561 seconds
- Finished compile Library/ScriptAssemblies/Unity.Barracuda.iOSBLAS.dll in 0.336661 seconds
- Finished compile Library/ScriptAssemblies/Unity.Barracuda.BurstBLAS.dll in 0.352166 seconds
- Finished compile Library/ScriptAssemblies/Unity.ML-Agents.dll in 0.47096 seconds
- Starting compile Library/ScriptAssemblies/Unity.ML-Agents.Editor.dll
- Finished compile Library/ScriptAssemblies/Unity.Barracuda.Editor.dll in 0.53735 seconds
- Finished compile Library/ScriptAssemblies/Unity.Mathematics.dll in 2.579678 seconds
- Starting compile Library/ScriptAssemblies/Unity.Mathematics.Editor.dll
- Finished compile Library/ScriptAssemblies/Unity.ML-Agents.Editor.dll in 0.295314 seconds
- Finished compile Library/ScriptAssemblies/Unity.Mathematics.Editor.dll in 0.378523 seconds
- Starting compile Library/ScriptAssemblies/Assembly-CSharp.dll
- Finished compile Library/ScriptAssemblies/Assembly-CSharp.dll in 0.368658 seconds
- Starting compile Library/ScriptAssemblies/Assembly-CSharp-Editor.dll
- Finished compile Library/ScriptAssemblies/Assembly-CSharp-Editor.dll in 0.359574 seconds
- Finished script compilation in 5.065961 seconds
Reloading assemblies after forced synchronous recompile.
Begin MonoManager ReloadAssembly
Symbol file LoadedFromMemory doesn't match image /Users/redtachyon/projects/CrowdAI/Library/PackageCache/com.unity.ext.nunit@1.0.0/net35/unity-custom/nunit.framework.dll
Native extension for OSXStandalone target not found
Refreshing native plugins compatible for Editor in 0.30 ms, found 1 plugins.
Preloading 0 native plugins for Editor in 0.00 ms.
Mono: successfully reloaded assembly
- Completed reload, in  1.099 seconds
Platform modules already initialized, skipping
Refreshing native plugins compatible for Editor in 0.32 ms, found 1 plugins.
Preloading 0 native plugins for Editor in 0.00 ms.
Refresh completed in 7.504533 seconds.
RefreshInfo: RefreshV2(ForceSynchronousImport)
RefreshProfiler: Total: 7504.517ms
	InvokeBeforeRefreshCallbacks: 0.831ms
	ApplyChangesToAssetFolders: 0.062ms
	WriteModifiedImportersToTextMetaFiles: 0.000ms
	CleanLegacyArtifacts: 0.000ms
	Scan: 42.632ms
	OnSourceAssetsModified: 0.988ms
	UnregisterDeletedAssets: 0.000ms
	InitializeImportedAssetsSnapshot: 2.418ms
	GetAllGuidsForCategorization: 0.163ms
	CategorizeAssets: 54.001ms
	ImportAndPostprocessOutOfDateAssets: 7393.834ms (1147.347ms without children)
		ImportManagerImport: 46.666ms (1.113ms without children)
			ImportInProcess: 45.543ms
			ImportOutOfProcess: 0.000ms
			UpdateCategorizedAssets: 0.010ms
			RemoteAssetCacheGetArtifact: 0.000ms (0.000ms without children)
				RemoteAssetCacheResolve: 0.000ms
				RemoteAssetCacheDownloadFile: 0.000ms
		CompileScripts: 5935.513ms
		PostProcessAllAssets: 253.908ms
		ReloadImportedAssets: 0.001ms
		VerifyAssetsAreUpToDateAndCorrect: 0.000ms
		EnsureUptoDateAssetsAreRegisteredWithGuidPM: 0.392ms
		InitializingProgressBar: 0.001ms
		PostProcessAllAssetNotificationsAddChangedAssets: 0.211ms
		OnDemandSchedulerStart: 2.222ms
		RestoreLoadedAssetsState: 1.502ms
	InvokeProjectHasChanged: 0.000ms
	UpdateImportedAssetsSnapshot: 6.072ms
	ReloadSourceAssets: 0.812ms
	UnloadImportedAssets: 0.197ms
	Hotreload: 5.177ms
	FixTempGuids: 0.003ms
	VerifyGuidPMRegistrations: 0.000ms
	GatherAllCurrentPrimaryArtifactRevisions: 0.298ms
	UnloadStreamsBegin: 0.007ms
	LoadedImportedAssetsSnapshotReleaseGCHandles: 0.230ms
	GetLoadedSourceAssetsSnapshot: 2.817ms
	PersistCurrentRevisions: 0.000ms
	UnloadStreamsEnd: 0.016ms
	GenerateScriptTypeHashes: 1.066ms
RefreshInfo: StopAssetImportingV2(ForceSynchronousImport)
RefreshProfiler: Total: 6.356ms
	InvokeBeforeRefreshCallbacks: 0.908ms
	ApplyChangesToAssetFolders: 0.074ms
	WriteModifiedImportersToTextMetaFiles: 0.000ms
	CleanLegacyArtifacts: 0.000ms
	Scan: 1.229ms
	OnSourceAssetsModified: 0.000ms
	UnregisterDeletedAssets: 0.000ms
	InitializeImportedAssetsSnapshot: 2.506ms
	GetAllGuidsForCategorization: 0.000ms
	CategorizeAssets: 0.000ms
	ImportAndPostprocessOutOfDateAssets: 0.000ms (0.000ms without children)
		ImportManagerImport: 0.000ms (0.000ms without children)
			ImportInProcess: 0.000ms
			ImportOutOfProcess: 0.000ms
			UpdateCategorizedAssets: 0.000ms
			RemoteAssetCacheGetArtifact: 0.000ms (0.000ms without children)
				RemoteAssetCacheResolve: 0.000ms
				RemoteAssetCacheDownloadFile: 0.000ms
		CompileScripts: 0.000ms
		PostProcessAllAssets: 0.000ms
		ReloadImportedAssets: 0.000ms
		VerifyAssetsAreUpToDateAndCorrect: 0.000ms
		EnsureUptoDateAssetsAreRegisteredWithGuidPM: 0.000ms
		InitializingProgressBar: 0.000ms
		PostProcessAllAssetNotificationsAddChangedAssets: 0.000ms
		OnDemandSchedulerStart: 0.000ms
		RestoreLoadedAssetsState: 0.000ms
	InvokeProjectHasChanged: 0.000ms
	UpdateImportedAssetsSnapshot: 0.000ms
	ReloadSourceAssets: 0.000ms
	UnloadImportedAssets: 0.000ms
	Hotreload: 0.013ms
	FixTempGuids: 0.002ms
	VerifyGuidPMRegistrations: 0.000ms
	GatherAllCurrentPrimaryArtifactRevisions: 0.230ms
	UnloadStreamsBegin: 0.027ms
	LoadedImportedAssetsSnapshotReleaseGCHandles: 0.319ms
	GetLoadedSourceAssetsSnapshot: 0.449ms
	PersistCurrentRevisions: 0.000ms
	UnloadStreamsEnd: 0.008ms
	GenerateScriptTypeHashes: 0.000ms
Refresh completed in 0.043820 seconds.
RefreshInfo: RefreshV2(NoUpdateAssetOptions)
RefreshProfiler: Total: 43.811ms
	InvokeBeforeRefreshCallbacks: 0.143ms
	ApplyChangesToAssetFolders: 0.048ms
	WriteModifiedImportersToTextMetaFiles: 0.000ms
	CleanLegacyArtifacts: 0.000ms
	Scan: 17.011ms
	OnSourceAssetsModified: 0.001ms
	UnregisterDeletedAssets: 0.000ms
	InitializeImportedAssetsSnapshot: 2.298ms
	GetAllGuidsForCategorization: 0.064ms
	CategorizeAssets: 20.540ms
	ImportAndPostprocessOutOfDateAssets: 1.811ms (0.649ms without children)
		ImportManagerImport: 0.000ms (0.000ms without children)
			ImportInProcess: 0.000ms
			ImportOutOfProcess: 0.000ms
			UpdateCategorizedAssets: 0.000ms
			RemoteAssetCacheGetArtifact: 0.000ms (0.000ms without children)
				RemoteAssetCacheResolve: 0.000ms
				RemoteAssetCacheDownloadFile: 0.000ms
		CompileScripts: 0.000ms
		PostProcessAllAssets: 0.000ms
		ReloadImportedAssets: 0.000ms
		VerifyAssetsAreUpToDateAndCorrect: 0.000ms
		EnsureUptoDateAssetsAreRegisteredWithGuidPM: 0.136ms
		InitializingProgressBar: 0.000ms
		PostProcessAllAssetNotificationsAddChangedAssets: 0.066ms
		OnDemandSchedulerStart: 0.131ms
		RestoreLoadedAssetsState: 0.828ms
	InvokeProjectHasChanged: 0.000ms
	UpdateImportedAssetsSnapshot: 0.000ms
	ReloadSourceAssets: 0.641ms
	UnloadImportedAssets: 0.059ms
	Hotreload: 0.030ms
	FixTempGuids: 0.001ms
	VerifyGuidPMRegistrations: 0.000ms
	GatherAllCurrentPrimaryArtifactRevisions: 0.152ms
	UnloadStreamsBegin: 0.022ms
	LoadedImportedAssetsSnapshotReleaseGCHandles: 0.438ms
	GetLoadedSourceAssetsSnapshot: 1.254ms
	PersistCurrentRevisions: 0.000ms
	UnloadStreamsEnd: 0.006ms
	GenerateScriptTypeHashes: 0.000ms
Launching external process: /Applications/Unity/Hub/Editor/2019.4.11f1/Unity.app/Contents/Tools/UnityShaderCompiler
Launched and connected shader compiler UnityShaderCompiler after 0.08 seconds
Initializing Unity extensions:
 '/Applications/Unity/Hub/Editor/2019.4.11f1/Unity.app/Contents/UnityExtensions/Unity/UnityVR/Editor/UnityEditor.VR.dll'  GUID: 4ba2329b63d54f0187bcaa12486b1b0f
Unloading 61 Unused Serialized files (Serialized files now loaded: 0)
System memory in use before: 371.2 MB.
System memory in use after: 370.5 MB.

Unloading 109 unused Assets to reduce memory usage. Loaded Objects now: 1828.
Total: 9.051855 ms (FindLiveObjects: 0.384799 ms CreateObjectMapping: 0.064018 ms MarkObjects: 7.623564 ms  DeleteObjects: 0.977951 ms)

ArgumentException: For the 'StandaloneOSX' target the 'locationPathName' parameter for BuildPipeline.BuildPlayer should not end with a directory separator.
Provided path: 'builds/MacOSversion/', expected a path with the extension '.app'.
  at UnityEditor.BuildPipeline.BuildPlayer (System.String[] scenes, System.String locationPathName, System.String assetBundleManifestPath, UnityEditor.BuildTargetGroup buildTargetGroup, UnityEditor.BuildTarget target, UnityEditor.BuildOptions options) [0x0003a] in /Users/bokken/buildslave/unity/build/Editor/Mono/BuildPipeline.bindings.cs:271 
  at UnityEditor.BuildPipeline.BuildPlayer (UnityEditor.BuildPlayerOptions buildPlayerOptions) [0x00001] in /Users/bokken/buildslave/unity/build/Editor/Mono/BuildPipeline.bindings.cs:258 
  at UnityEditor.BuildPipeline.BuildPlayer (System.String[] levels, System.String locationPathName, UnityEditor.BuildTarget target, UnityEditor.BuildOptions options) [0x0003d] in /Users/bokken/buildslave/unity/build/Editor/Mono/BuildPipeline.bindings.cs:253 
  at MacOSBuilder.build () [0x00016] in /Users/redtachyon/projects/CrowdAI/Assets/Editor/MacOSBuilder.cs:11 
 
(Filename: /Users/bokken/buildslave/unity/build/Editor/Mono/BuildPipeline.bindings.cs Line: 271)

executeMethod method MacOSBuilder.build threw exception. 
(Filename: ./Runtime/Utilities/Argv.cpp Line: 376)

[Package Manager] Server::Kill -- Server was shutdown

Native stacktrace:

Obtained 10 stack frames.
	0   libmonobdwgc-2.0.dylib              0x00000001397ab3e5 mono_handle_native_crash + 242
	1   libmonobdwgc-2.0.dylib              0x000000013970befd mono_sigsegv_signal_handler + 220
	2   Unity                               0x0000000105a70fb8 _Z20burst_signal_handleriP9__siginfoPv + 232
	3   libsystem_platform.dylib            0x00007fff711ab5fd _sigtramp + 29
	4   ???                                 0x0000000000000000 0x0 + 0
	5   Unity                               0x0000000105b6f6db _Z21SetCurrentMemoryOwnerRK10MemLabelId + 43
	6   Unity                               0x0000000105c15a45 _Z22profiler_create_markerPKctN9profiling6Marker5FlagsE + 85
	7   Unity                               0x00000001034c4941 _ZN12AudioManager14systemCallbackEP11FMOD_SYSTEM24FMOD_SYSTEM_CALLBACKTYPEPvS3_ + 577
	8   Unity                               0x0000000107d75ef9 _ZN4FMOD9DSPFilter4readEPPfPiPj16FMOD_SPEAKERMODEij + 1257
	9   Unity                               0x0000000107d75b54 _ZN4FMOD9DSPFilter4readEPPfPiPj16FMOD_SPEAKERMODEij + 324
	10  Unity                               0x0000000107d75b54 _ZN4FMOD9DSPFilter4readEPPfPiPj16FMOD_SPEAKERMODEij + 324
	11  Unity                               0x0000000107d75b54 _ZN4FMOD9DSPFilter4readEPPfPiPj16FMOD_SPEAKERMODEij + 324
	12  Unity                               0x0000000107d8b7d7 _ZN4FMOD12DSPSoundCard4readEPvPj16FMOD_SPEAKERMODEij + 135
	13  Unity                               0x0000000107d9a540 _ZN4FMOD6Output3mixEPvj + 640
	14  Unity                               0x0000000107dd0fa2 _ZN4FMOD15OutputCoreAudio10renderProcEPvPjPK14AudioTimeStampjjP15AudioBufferList + 50
	15  CoreAudio                           0x000000012fbd9d98 DefaultOutputAUFactory + 35668
	16  CoreAudio                           0x000000012fbfbc23 AUPeakLimiterFactory + 15120
	17  CoreAudio                           0x000000012fbdcdf5 AUGenericOutputFactory + 7761
	18  CoreAudio                           0x00007fff366baaaa ___ZN19HALC_ProxyIOContextC2Ejj_block_invoke + 5639
	19  CoreAudio                           0x00007fff367edc22 _ZN13HALB_IOThread5EntryEPv + 72
	20  libsystem_pthread.dylib             0x00007fff711b7109 _pthread_start + 148
	21  libsystem_pthread.dylib             0x00007fff711b2b8b thread_start + 15
Obtained 10 stack frames.

Debug info from gdb:

Obtained 10 stack frames.
Obtained 10 stack frames.
Obtained 10 stack frames.
Obtained 10 stack frames.
Obtained 10 stack frames.
Obtained 10 stack frames.
Obtained 10 stack frames.
Obtained 11 stack frames.
Obtained 18 stack frames.
Obtained 11 stack frames.
Obtained 11 stack frames.
Obtained 11 stack frames.
Obtained 11 stack frames.
Obtained 18 stack frames.
Obtained 18 stack frames.
Obtained 18 stack frames.
Obtained 18 stack frames.
Obtained 18 stack frames.
Obtained 18 stack frames.
Obtained 18 stack frames.
Obtained 18 stack frames.
Obtained 19 stack frames.
Obtained 26 stack frames.
Obtained 19 stack frames.
Obtained 19 stack frames.
Obtained 19 stack frames.
Obtained 19 stack frames.
Obtained 26 stack frames.
Obtained 26 stack frames.
Obtained 26 stack frames.
Obtained 26 stack frames.
Obtained 26 stack frames.
Obtained 26 stack frames.
Obtained 26 stack frames.
Obtained 26 stack frames.
Obtained 27 stack frames.
Obtained 34 stack frames.
Obtained 27 stack frames.
Obtained 27 stack frames.
Obtained 27 stack frames.
Obtained 27 stack frames.
Obtained 34 stack frames.
(lldb) command source -s 0 '/tmp/mono-gdb-commands.8IQT1w'
Executing commands in '/tmp/mono-gdb-commands.8IQT1w'.
(lldb) process attach --pid 57925
error: attach failed: Error 1
